<?xml version="1.0" encoding="UTF-8"?>
<!-- Generated by org.testng.reporters.JUnitReportReporter -->
<testsuite ignored="0" hostname="IN1WXL-522493" failures="0" tests="4" name="com.seleniumdockertest.SeleniumDockerTest" time="30.156" errors="0" timestamp="26 Jul 2020 11:03:40 GMT" skipped="0">
  <testcase classname="com.seleniumdockertest.SeleniumDockerTest" name="getTitleTest" time="10.374"/>
  <testcase classname="com.seleniumdockertest.SeleniumDockerTest" name="getFooterLinkTest" time="5.206"/>
  <testcase classname="com.seleniumdockertest.SeleniumDockerTest" name="getTitleTest" time="4.104"/>
  <testcase classname="com.seleniumdockertest.SeleniumDockerTest" name="getFooterLinkTest" time="10.472"/>
</testsuite> <!-- com.seleniumdockertest.SeleniumDockerTest -->
